C:\USERS\ESARON\DOCUMENTS\2-FALL-2013\EECS_466\TERRIBLESCHOOLCODE\EECS_466_PROJ\AS4_TEMPLATE\DEBUG\GLCONFIG.OBJ
C:\USERS\ESARON\DOCUMENTS\2-FALL-2013\EECS_466\TERRIBLESCHOOLCODE\EECS_466_PROJ\AS4_TEMPLATE\DEBUG\READ_TGA.OBJ
C:\USERS\ESARON\DOCUMENTS\2-FALL-2013\EECS_466\TERRIBLESCHOOLCODE\EECS_466_PROJ\AS4_TEMPLATE\DEBUG\SHADERHELPER.OBJ
C:\USERS\ESARON\DOCUMENTS\2-FALL-2013\EECS_466\TERRIBLESCHOOLCODE\EECS_466_PROJ\AS4_TEMPLATE\DEBUG\TEXTURE.OBJ
C:\USERS\ESARON\DOCUMENTS\2-FALL-2013\EECS_466\TERRIBLESCHOOLCODE\EECS_466_PROJ\AS4_TEMPLATE\DEBUG\VC110.PDB
C:\USERS\ESARON\DOCUMENTS\2-FALL-2013\EECS_466\TERRIBLESCHOOLCODE\EECS_466_PROJ\AS4_TEMPLATE\DEBUG\MAIN.OBJ
C:\USERS\ESARON\DOCUMENTS\2-FALL-2013\EECS_466\TERRIBLESCHOOLCODE\EECS_466_PROJ\AS4_TEMPLATE\DEBUG\SCENE.OBJ
C:\USERS\ESARON\DOCUMENTS\2-FALL-2013\EECS_466\TERRIBLESCHOOLCODE\EECS_466_PROJ\AS4_TEMPLATE\DEBUG\CAMERA.OBJ
C:\USERS\ESARON\DOCUMENTS\2-FALL-2013\EECS_466\TERRIBLESCHOOLCODE\EECS_466_PROJ\AS4_TEMPLATE\DEBUG\MESH.OBJ
C:\USERS\ESARON\DOCUMENTS\2-FALL-2013\EECS_466\TERRIBLESCHOOLCODE\EECS_466_PROJ\AS4_TEMPLATE\DEBUG\UTIL.OBJ
C:\USERS\ESARON\DOCUMENTS\2-FALL-2013\EECS_466\TERRIBLESCHOOLCODE\EECS_466_PROJ\AS4_TEMPLATE\DEBUG\GLPROCS.OBJ
C:\USERS\ESARON\DOCUMENTS\2-FALL-2013\EECS_466\TERRIBLESCHOOLCODE\EECS_466_PROJ\AS4_TEMPLATE\DEBUG\TGA.OBJ
C:\USERS\ESARON\DOCUMENTS\2-FALL-2013\EECS_466\TERRIBLESCHOOLCODE\EECS_466_PROJ\DEBUG\AS4_TEMPLATE.ILK
C:\USERS\ESARON\DOCUMENTS\2-FALL-2013\EECS_466\TERRIBLESCHOOLCODE\EECS_466_PROJ\DEBUG\AS4_TEMPLATE.EXE
C:\USERS\ESARON\DOCUMENTS\2-FALL-2013\EECS_466\TERRIBLESCHOOLCODE\EECS_466_PROJ\DEBUG\AS4_TEMPLATE.PDB
C:\Users\Esaron\Documents\2-Fall-2013\EECS_466\TerribleSchoolCode\EECS_466_Proj\as4_template\Debug\Camera.obj
C:\Users\Esaron\Documents\2-Fall-2013\EECS_466\TerribleSchoolCode\EECS_466_Proj\as4_template\Debug\GLConfig.obj
C:\Users\Esaron\Documents\2-Fall-2013\EECS_466\TerribleSchoolCode\EECS_466_Proj\as4_template\Debug\glprocs.obj
C:\Users\Esaron\Documents\2-Fall-2013\EECS_466\TerribleSchoolCode\EECS_466_Proj\as4_template\Debug\main.obj
C:\Users\Esaron\Documents\2-Fall-2013\EECS_466\TerribleSchoolCode\EECS_466_Proj\as4_template\Debug\mesh.obj
C:\Users\Esaron\Documents\2-Fall-2013\EECS_466\TerribleSchoolCode\EECS_466_Proj\as4_template\Debug\read_tga.obj
C:\Users\Esaron\Documents\2-Fall-2013\EECS_466\TerribleSchoolCode\EECS_466_Proj\as4_template\Debug\scene.obj
C:\Users\Esaron\Documents\2-Fall-2013\EECS_466\TerribleSchoolCode\EECS_466_Proj\as4_template\Debug\ShaderHelper.obj
C:\Users\Esaron\Documents\2-Fall-2013\EECS_466\TerribleSchoolCode\EECS_466_Proj\as4_template\Debug\Texture.obj
C:\Users\Esaron\Documents\2-Fall-2013\EECS_466\TerribleSchoolCode\EECS_466_Proj\as4_template\Debug\tga.obj
C:\Users\Esaron\Documents\2-Fall-2013\EECS_466\TerribleSchoolCode\EECS_466_Proj\as4_template\Debug\util.obj
C:\Users\Esaron\Documents\2-Fall-2013\EECS_466\TerribleSchoolCode\EECS_466_Proj\as4_template\Debug\cl.command.1.tlog
C:\Users\Esaron\Documents\2-Fall-2013\EECS_466\TerribleSchoolCode\EECS_466_Proj\as4_template\Debug\CL.read.1.tlog
C:\Users\Esaron\Documents\2-Fall-2013\EECS_466\TerribleSchoolCode\EECS_466_Proj\as4_template\Debug\CL.write.1.tlog
C:\Users\Esaron\Documents\2-Fall-2013\EECS_466\TerribleSchoolCode\EECS_466_Proj\as4_template\Debug\link-cvtres.read.1.tlog
C:\Users\Esaron\Documents\2-Fall-2013\EECS_466\TerribleSchoolCode\EECS_466_Proj\as4_template\Debug\link-cvtres.write.1.tlog
C:\Users\Esaron\Documents\2-Fall-2013\EECS_466\TerribleSchoolCode\EECS_466_Proj\as4_template\Debug\link-rc.read.1.tlog
C:\Users\Esaron\Documents\2-Fall-2013\EECS_466\TerribleSchoolCode\EECS_466_Proj\as4_template\Debug\link-rc.write.1.tlog
C:\Users\Esaron\Documents\2-Fall-2013\EECS_466\TerribleSchoolCode\EECS_466_Proj\as4_template\Debug\link.1020-cvtres.read.1.tlog
C:\Users\Esaron\Documents\2-Fall-2013\EECS_466\TerribleSchoolCode\EECS_466_Proj\as4_template\Debug\link.1020-cvtres.write.1.tlog
C:\Users\Esaron\Documents\2-Fall-2013\EECS_466\TerribleSchoolCode\EECS_466_Proj\as4_template\Debug\link.1020-rc.read.1.tlog
C:\Users\Esaron\Documents\2-Fall-2013\EECS_466\TerribleSchoolCode\EECS_466_Proj\as4_template\Debug\link.1020-rc.write.1.tlog
C:\Users\Esaron\Documents\2-Fall-2013\EECS_466\TerribleSchoolCode\EECS_466_Proj\as4_template\Debug\link.1020.read.1.tlog
C:\Users\Esaron\Documents\2-Fall-2013\EECS_466\TerribleSchoolCode\EECS_466_Proj\as4_template\Debug\link.1020.write.1.tlog
C:\Users\Esaron\Documents\2-Fall-2013\EECS_466\TerribleSchoolCode\EECS_466_Proj\as4_template\Debug\link.4668-cvtres.read.1.tlog
C:\Users\Esaron\Documents\2-Fall-2013\EECS_466\TerribleSchoolCode\EECS_466_Proj\as4_template\Debug\link.4668-cvtres.write.1.tlog
C:\Users\Esaron\Documents\2-Fall-2013\EECS_466\TerribleSchoolCode\EECS_466_Proj\as4_template\Debug\link.4668-rc.read.1.tlog
C:\Users\Esaron\Documents\2-Fall-2013\EECS_466\TerribleSchoolCode\EECS_466_Proj\as4_template\Debug\link.4668-rc.write.1.tlog
C:\Users\Esaron\Documents\2-Fall-2013\EECS_466\TerribleSchoolCode\EECS_466_Proj\as4_template\Debug\link.4668.read.1.tlog
C:\Users\Esaron\Documents\2-Fall-2013\EECS_466\TerribleSchoolCode\EECS_466_Proj\as4_template\Debug\link.4668.write.1.tlog
C:\Users\Esaron\Documents\2-Fall-2013\EECS_466\TerribleSchoolCode\EECS_466_Proj\as4_template\Debug\link.command.1.tlog
C:\Users\Esaron\Documents\2-Fall-2013\EECS_466\TerribleSchoolCode\EECS_466_Proj\as4_template\Debug\link.read.1.tlog
C:\Users\Esaron\Documents\2-Fall-2013\EECS_466\TerribleSchoolCode\EECS_466_Proj\as4_template\Debug\link.write.1.tlog
C:\Users\Esaron\Documents\2-Fall-2013\EECS_466\TerribleSchoolCode\EECS_466_Proj\as4_template\Debug\vc110.idb
C:\Users\Esaron\Documents\2-Fall-2013\EECS_466\TerribleSchoolCode\EECS_466_Proj\as4_template\Debug\vc110.pdb
C:\Users\Esaron\Documents\2-Fall-2013\EECS_466\TerribleSchoolCode\EECS_466_Proj\Debug\as4_template.pdb
C:\Users\Esaron\Documents\2-Fall-2013\EECS_466\TerribleSchoolCode\EECS_466_Proj\Debug\as4_template.exe
C:\Users\Esaron\Documents\2-Fall-2013\EECS_466\TerribleSchoolCode\EECS_466_Proj\Debug\as4_template.ilk
